2025-04-03T19:25:00.672+07:00  INFO 27160 --- [restartedMain] c.p.r.RecruiterProjectApplication        : Starting RecruiterProjectApplication using Java 17.0.12 with PID 27160 (D:\SUMMER 2024\recruiter-project\target\classes started by dorisanse in D:\SUMMER 2024\recruiter-project)
2025-04-03T19:25:00.672+07:00 DEBUG 27160 --- [restartedMain] c.p.r.RecruiterProjectApplication        : Running with Spring Boot v3.4.1, Spring v6.2.1
2025-04-03T19:25:00.672+07:00  INFO 27160 --- [restartedMain] c.p.r.RecruiterProjectApplication        : No active profile set, falling back to 1 default profile: "default"
2025-04-03T19:25:00.713+07:00  INFO 27160 --- [restartedMain] .e.DevToolsPropertyDefaultsPostProcessor : Devtools property defaults active! Set 'spring.devtools.add-properties' to 'false' to disable
2025-04-03T19:25:00.713+07:00  INFO 27160 --- [restartedMain] .e.DevToolsPropertyDefaultsPostProcessor : For additional web related logging consider setting the 'logging.level.web' property to 'DEBUG'
2025-04-03T19:25:01.308+07:00  INFO 27160 --- [restartedMain] .s.d.r.c.RepositoryConfigurationDelegate : Bootstrapping Spring Data JPA repositories in DEFAULT mode.
2025-04-03T19:25:01.372+07:00  INFO 27160 --- [restartedMain] .s.d.r.c.RepositoryConfigurationDelegate : Finished Spring Data repository scanning in 44 ms. Found 5 JPA repository interfaces.
2025-04-03T19:25:01.814+07:00  INFO 27160 --- [restartedMain] o.s.b.w.embedded.tomcat.TomcatWebServer  : Tomcat initialized with port 8080 (http)
2025-04-03T19:25:01.830+07:00  INFO 27160 --- [restartedMain] o.apache.catalina.core.StandardService   : Starting service [Tomcat]
2025-04-03T19:25:01.830+07:00  INFO 27160 --- [restartedMain] o.apache.catalina.core.StandardEngine    : Starting Servlet engine: [Apache Tomcat/10.1.34]
2025-04-03T19:25:01.862+07:00  INFO 27160 --- [restartedMain] o.a.c.c.C.[Tomcat].[localhost].[/]       : Initializing Spring embedded WebApplicationContext
2025-04-03T19:25:01.862+07:00  INFO 27160 --- [restartedMain] w.s.c.ServletWebServerApplicationContext : Root WebApplicationContext: initialization completed in 1149 ms
2025-04-03T19:25:02.025+07:00  INFO 27160 --- [restartedMain] o.hibernate.jpa.internal.util.LogHelper  : HHH000204: Processing PersistenceUnitInfo [name: default]
2025-04-03T19:25:02.089+07:00  INFO 27160 --- [restartedMain] org.hibernate.Version                    : HHH000412: Hibernate ORM core version 6.6.4.Final
2025-04-03T19:25:02.119+07:00  INFO 27160 --- [restartedMain] o.h.c.internal.RegionFactoryInitiator    : HHH000026: Second-level cache disabled
2025-04-03T19:25:02.348+07:00  INFO 27160 --- [restartedMain] o.s.o.j.p.SpringPersistenceUnitInfo      : No LoadTimeWeaver setup: ignoring JPA class transformer
2025-04-03T19:25:02.371+07:00  INFO 27160 --- [restartedMain] com.zaxxer.hikari.HikariDataSource       : HikariPool-1 - Starting...
2025-04-03T19:25:02.662+07:00  INFO 27160 --- [restartedMain] com.zaxxer.hikari.pool.HikariPool        : HikariPool-1 - Added connection com.mysql.cj.jdbc.ConnectionImpl@4dded68a
2025-04-03T19:25:02.663+07:00  INFO 27160 --- [restartedMain] com.zaxxer.hikari.HikariDataSource       : HikariPool-1 - Start completed.
2025-04-03T19:25:02.724+07:00  WARN 27160 --- [restartedMain] org.hibernate.orm.deprecation            : HHH90000025: MySQLDialect does not need to be specified explicitly using 'hibernate.dialect' (remove the property setting and it will be selected by default)
2025-04-03T19:25:02.743+07:00  INFO 27160 --- [restartedMain] org.hibernate.orm.connections.pooling    : HHH10001005: Database info:
	Database JDBC URL [Connecting through datasource 'HikariDataSource (HikariPool-1)']
	Database driver: undefined/unknown
	Database version: 8.0.39
	Autocommit mode: undefined/unknown
	Isolation level: undefined/unknown
	Minimum pool size: undefined/unknown
	Maximum pool size: undefined/unknown
2025-04-03T19:25:03.505+07:00  INFO 27160 --- [restartedMain] o.h.e.t.j.p.i.JtaPlatformInitiator       : HHH000489: No JTA platform available (set 'hibernate.transaction.jta.platform' to enable JTA platform integration)
2025-04-03T19:25:03.603+07:00  INFO 27160 --- [restartedMain] j.LocalContainerEntityManagerFactoryBean : Initialized JPA EntityManagerFactory for persistence unit 'default'
2025-04-03T19:25:03.882+07:00  INFO 27160 --- [restartedMain] o.s.d.j.r.query.QueryEnhancerFactory     : Hibernate is in classpath; If applicable, HQL parser will be used.
2025-04-03T19:25:03.907+07:00  WARN 27160 --- [restartedMain] JpaBaseConfiguration$JpaWebConfiguration : spring.jpa.open-in-view is enabled by default. Therefore, database queries may be performed during view rendering. Explicitly configure spring.jpa.open-in-view to disable this warning
2025-04-03T19:25:03.938+07:00  INFO 27160 --- [restartedMain] eAuthenticationProviderManagerConfigurer : Global AuthenticationManager configured with AuthenticationProvider bean with name authenticationProvider
2025-04-03T19:25:03.939+07:00  WARN 27160 --- [restartedMain] r$InitializeUserDetailsManagerConfigurer : Global AuthenticationManager configured with an AuthenticationProvider bean. UserDetailsService beans will not be used by Spring Security for automatically configuring username/password login. Consider removing the AuthenticationProvider bean. Alternatively, consider using the UserDetailsService in a manually instantiated DaoAuthenticationProvider. If the current configuration is intentional, to turn off this warning, increase the logging level of 'org.springframework.security.config.annotation.authentication.configuration.InitializeUserDetailsBeanManagerConfigurer' to ERROR
2025-04-03T19:25:04.009+07:00  INFO 27160 --- [restartedMain] o.s.b.a.w.s.WelcomePageHandlerMapping    : Adding welcome page template: index
2025-04-03T19:25:04.631+07:00  INFO 27160 --- [restartedMain] o.s.b.d.a.OptionalLiveReloadServer       : LiveReload server is running on port 35729
2025-04-03T19:25:04.670+07:00  INFO 27160 --- [restartedMain] o.s.b.w.embedded.tomcat.TomcatWebServer  : Tomcat started on port 8080 (http) with context path '/'
2025-04-03T19:25:04.679+07:00  INFO 27160 --- [restartedMain] c.p.r.RecruiterProjectApplication        : Started RecruiterProjectApplication in 4.329 seconds (process running for 4.946)
2025-04-03T19:25:09.415+07:00  INFO 27160 --- [http-nio-8080-exec-1] o.a.c.c.C.[Tomcat].[localhost].[/]       : Initializing Spring DispatcherServlet 'dispatcherServlet'
2025-04-03T19:25:09.416+07:00  INFO 27160 --- [http-nio-8080-exec-1] o.s.web.servlet.DispatcherServlet        : Initializing Servlet 'dispatcherServlet'
2025-04-03T19:25:09.419+07:00  INFO 27160 --- [http-nio-8080-exec-1] o.s.web.servlet.DispatcherServlet        : Completed initialization in 2 ms
2025-04-03T19:25:10.369+07:00  WARN 27160 --- [http-nio-8080-exec-8] o.a.c.util.SessionIdGeneratorBase        : Creation of SecureRandom instance for session ID generation using [SHA1PRNG] took [119] milliseconds.
2025-04-03T19:25:23.142+07:00 DEBUG 27160 --- [http-nio-8080-exec-4] org.hibernate.SQL                        : select u1_0.user_id,u1_0.email,u1_0.is_active,u1_0.password,u1_0.registration_date,u1_0.user_type_id from users u1_0 where u1_0.email=?
2025-04-03T19:25:23.142+07:00 TRACE 27160 --- [http-nio-8080-exec-4] org.hibernate.orm.jdbc.bind              : binding parameter (1:VARCHAR) <- [dorisanseanh@gmail.com]
2025-04-03T19:25:23.200+07:00 DEBUG 27160 --- [http-nio-8080-exec-4] org.hibernate.SQL                        : select ut1_0.user_type_id,ut1_0.user_type_name from users_type ut1_0 where ut1_0.user_type_id=?
2025-04-03T19:25:23.201+07:00 TRACE 27160 --- [http-nio-8080-exec-4] org.hibernate.orm.jdbc.bind              : binding parameter (1:INTEGER) <- [2]
2025-04-03T19:25:23.375+07:00 DEBUG 27160 --- [http-nio-8080-exec-8] org.hibernate.SQL                        : select u1_0.user_id,u1_0.email,u1_0.is_active,u1_0.password,u1_0.registration_date,u1_0.user_type_id from users u1_0 where u1_0.email=?
2025-04-03T19:25:23.375+07:00 TRACE 27160 --- [http-nio-8080-exec-8] org.hibernate.orm.jdbc.bind              : binding parameter (1:VARCHAR) <- [dorisanseanh@gmail.com]
2025-04-03T19:25:23.375+07:00 DEBUG 27160 --- [http-nio-8080-exec-8] org.hibernate.SQL                        : select ut1_0.user_type_id,ut1_0.user_type_name from users_type ut1_0 where ut1_0.user_type_id=?
2025-04-03T19:25:23.375+07:00 TRACE 27160 --- [http-nio-8080-exec-8] org.hibernate.orm.jdbc.bind              : binding parameter (1:INTEGER) <- [2]
2025-04-03T19:25:23.408+07:00 DEBUG 27160 --- [http-nio-8080-exec-8] org.hibernate.SQL                        : select jsp1_0.user_account_id,jsp1_0.city,jsp1_0.country,jsp1_0.employment_type,jsp1_0.first_name,jsp1_0.last_name,jsp1_0.profile_photo,jsp1_0.resume,jsp1_0.state,u1_0.user_id,u1_0.email,u1_0.is_active,u1_0.password,u1_0.registration_date,u1_0.user_type_id,uti1_0.user_type_id,uti1_0.user_type_name,jsp1_0.work_authorization from job_seeker_profile jsp1_0 join users u1_0 on u1_0.user_id=jsp1_0.user_account_id join users_type uti1_0 on uti1_0.user_type_id=u1_0.user_type_id where jsp1_0.user_account_id=?
2025-04-03T19:25:23.408+07:00 TRACE 27160 --- [http-nio-8080-exec-8] org.hibernate.orm.jdbc.bind              : binding parameter (1:INTEGER) <- [2]
2025-04-03T19:25:25.527+07:00 DEBUG 27160 --- [http-nio-8080-exec-5] org.hibernate.SQL                        : select u1_0.user_id,u1_0.email,u1_0.is_active,u1_0.password,u1_0.registration_date,u1_0.user_type_id from users u1_0 where u1_0.email=?
2025-04-03T19:25:25.527+07:00 TRACE 27160 --- [http-nio-8080-exec-5] org.hibernate.orm.jdbc.bind              : binding parameter (1:VARCHAR) <- [dorisanseanh@gmail.com]
2025-04-03T19:25:25.529+07:00 DEBUG 27160 --- [http-nio-8080-exec-5] org.hibernate.SQL                        : select ut1_0.user_type_id,ut1_0.user_type_name from users_type ut1_0 where ut1_0.user_type_id=?
2025-04-03T19:25:25.529+07:00 TRACE 27160 --- [http-nio-8080-exec-5] org.hibernate.orm.jdbc.bind              : binding parameter (1:INTEGER) <- [2]
2025-04-03T19:25:25.531+07:00 DEBUG 27160 --- [http-nio-8080-exec-5] org.hibernate.SQL                        : select jsp1_0.user_account_id,jsp1_0.city,jsp1_0.country,jsp1_0.employment_type,jsp1_0.first_name,jsp1_0.last_name,jsp1_0.profile_photo,jsp1_0.resume,jsp1_0.state,u1_0.user_id,u1_0.email,u1_0.is_active,u1_0.password,u1_0.registration_date,u1_0.user_type_id,uti1_0.user_type_id,uti1_0.user_type_name,jsp1_0.work_authorization from job_seeker_profile jsp1_0 join users u1_0 on u1_0.user_id=jsp1_0.user_account_id join users_type uti1_0 on uti1_0.user_type_id=u1_0.user_type_id where jsp1_0.user_account_id=?
2025-04-03T19:25:25.531+07:00 TRACE 27160 --- [http-nio-8080-exec-5] org.hibernate.orm.jdbc.bind              : binding parameter (1:INTEGER) <- [2]
2025-04-03T19:25:25.536+07:00 DEBUG 27160 --- [http-nio-8080-exec-5] org.hibernate.SQL                        : select s1_0.job_seeker_profile,s1_0.id,s1_0.experience_level,s1_0.name,s1_0.years_of_experience from skills s1_0 where s1_0.job_seeker_profile=?
2025-04-03T19:25:25.536+07:00 TRACE 27160 --- [http-nio-8080-exec-5] org.hibernate.orm.jdbc.bind              : binding parameter (1:INTEGER) <- [2]
2025-04-03T19:27:07.892+07:00 DEBUG 27160 --- [http-nio-8080-exec-3] org.hibernate.SQL                        : select u1_0.user_id,u1_0.email,u1_0.is_active,u1_0.password,u1_0.registration_date,u1_0.user_type_id from users u1_0 where u1_0.email=?
2025-04-03T19:27:07.892+07:00 TRACE 27160 --- [http-nio-8080-exec-3] org.hibernate.orm.jdbc.bind              : binding parameter (1:VARCHAR) <- [dorisanseanh@gmail.com]
2025-04-03T19:27:07.892+07:00 DEBUG 27160 --- [http-nio-8080-exec-3] org.hibernate.SQL                        : select ut1_0.user_type_id,ut1_0.user_type_name from users_type ut1_0 where ut1_0.user_type_id=?
2025-04-03T19:27:07.892+07:00 TRACE 27160 --- [http-nio-8080-exec-3] org.hibernate.orm.jdbc.bind              : binding parameter (1:INTEGER) <- [2]
2025-04-03T19:27:07.905+07:00 DEBUG 27160 --- [http-nio-8080-exec-3] org.hibernate.SQL                        : select jsp1_0.user_account_id,jsp1_0.city,jsp1_0.country,jsp1_0.employment_type,jsp1_0.first_name,jsp1_0.last_name,jsp1_0.profile_photo,jsp1_0.resume,jsp1_0.state,u1_0.user_id,u1_0.email,u1_0.is_active,u1_0.password,u1_0.registration_date,u1_0.user_type_id,uti1_0.user_type_id,uti1_0.user_type_name,jsp1_0.work_authorization,s1_0.job_seeker_profile,s1_0.id,s1_0.experience_level,s1_0.name,s1_0.years_of_experience from job_seeker_profile jsp1_0 join users u1_0 on u1_0.user_id=jsp1_0.user_account_id join users_type uti1_0 on uti1_0.user_type_id=u1_0.user_type_id left join skills s1_0 on jsp1_0.user_account_id=s1_0.job_seeker_profile where jsp1_0.user_account_id=?
2025-04-03T19:27:07.905+07:00 TRACE 27160 --- [http-nio-8080-exec-3] org.hibernate.orm.jdbc.bind              : binding parameter (1:INTEGER) <- [2]
2025-04-03T19:27:07.917+07:00 DEBUG 27160 --- [http-nio-8080-exec-3] org.hibernate.SQL                        : insert into skills (experience_level,job_seeker_profile,name,years_of_experience) values (?,?,?,?)
2025-04-03T19:27:07.924+07:00 TRACE 27160 --- [http-nio-8080-exec-3] org.hibernate.orm.jdbc.bind              : binding parameter (1:VARCHAR) <- [Beginner]
2025-04-03T19:27:07.924+07:00 TRACE 27160 --- [http-nio-8080-exec-3] org.hibernate.orm.jdbc.bind              : binding parameter (2:INTEGER) <- [2]
2025-04-03T19:27:07.924+07:00 TRACE 27160 --- [http-nio-8080-exec-3] org.hibernate.orm.jdbc.bind              : binding parameter (3:VARCHAR) <- [Java]
2025-04-03T19:27:07.924+07:00 TRACE 27160 --- [http-nio-8080-exec-3] org.hibernate.orm.jdbc.bind              : binding parameter (4:VARCHAR) <- [1]
2025-04-03T19:27:07.950+07:00 DEBUG 27160 --- [http-nio-8080-exec-3] org.hibernate.SQL                        : insert into skills (experience_level,job_seeker_profile,name,years_of_experience) values (?,?,?,?)
2025-04-03T19:27:07.950+07:00 TRACE 27160 --- [http-nio-8080-exec-3] org.hibernate.orm.jdbc.bind              : binding parameter (1:VARCHAR) <- [Experience Level]
2025-04-03T19:27:07.950+07:00 TRACE 27160 --- [http-nio-8080-exec-3] org.hibernate.orm.jdbc.bind              : binding parameter (2:INTEGER) <- [2]
2025-04-03T19:27:07.950+07:00 TRACE 27160 --- [http-nio-8080-exec-3] org.hibernate.orm.jdbc.bind              : binding parameter (3:VARCHAR) <- [null]
2025-04-03T19:27:07.950+07:00 TRACE 27160 --- [http-nio-8080-exec-3] org.hibernate.orm.jdbc.bind              : binding parameter (4:VARCHAR) <- [null]
2025-04-03T19:27:07.967+07:00 DEBUG 27160 --- [http-nio-8080-exec-3] org.hibernate.SQL                        : update job_seeker_profile set city=?,country=?,employment_type=?,first_name=?,last_name=?,profile_photo=?,resume=?,state=?,work_authorization=? where user_account_id=?
2025-04-03T19:27:07.967+07:00 TRACE 27160 --- [http-nio-8080-exec-3] org.hibernate.orm.jdbc.bind              : binding parameter (1:VARCHAR) <- [New York]
2025-04-03T19:27:07.967+07:00 TRACE 27160 --- [http-nio-8080-exec-3] org.hibernate.orm.jdbc.bind              : binding parameter (2:VARCHAR) <- [US]
2025-04-03T19:27:07.967+07:00 TRACE 27160 --- [http-nio-8080-exec-3] org.hibernate.orm.jdbc.bind              : binding parameter (3:VARCHAR) <- [Full-Time]
2025-04-03T19:27:07.967+07:00 TRACE 27160 --- [http-nio-8080-exec-3] org.hibernate.orm.jdbc.bind              : binding parameter (4:VARCHAR) <- [Huyen Anh]
2025-04-03T19:27:07.967+07:00 TRACE 27160 --- [http-nio-8080-exec-3] org.hibernate.orm.jdbc.bind              : binding parameter (5:VARCHAR) <- [Bui]
2025-04-03T19:27:07.967+07:00 TRACE 27160 --- [http-nio-8080-exec-3] org.hibernate.orm.jdbc.bind              : binding parameter (6:VARCHAR) <- [e67e4330a26a11b2071924920d85df5d.jpg]
2025-04-03T19:27:07.967+07:00 TRACE 27160 --- [http-nio-8080-exec-3] org.hibernate.orm.jdbc.bind              : binding parameter (7:VARCHAR) <- [CV - INTERN.pdf]
2025-04-03T19:27:07.967+07:00 TRACE 27160 --- [http-nio-8080-exec-3] org.hibernate.orm.jdbc.bind              : binding parameter (8:VARCHAR) <- [New York]
2025-04-03T19:27:07.967+07:00 TRACE 27160 --- [http-nio-8080-exec-3] org.hibernate.orm.jdbc.bind              : binding parameter (9:VARCHAR) <- [US Citizen]
2025-04-03T19:27:07.967+07:00 TRACE 27160 --- [http-nio-8080-exec-3] org.hibernate.orm.jdbc.bind              : binding parameter (10:INTEGER) <- [2]
2025-04-03T19:27:08.008+07:00 DEBUG 27160 --- [http-nio-8080-exec-9] org.hibernate.SQL                        : select u1_0.user_id,u1_0.email,u1_0.is_active,u1_0.password,u1_0.registration_date,u1_0.user_type_id from users u1_0 where u1_0.email=?
2025-04-03T19:27:08.009+07:00 TRACE 27160 --- [http-nio-8080-exec-9] org.hibernate.orm.jdbc.bind              : binding parameter (1:VARCHAR) <- [dorisanseanh@gmail.com]
2025-04-03T19:27:08.010+07:00 DEBUG 27160 --- [http-nio-8080-exec-9] org.hibernate.SQL                        : select ut1_0.user_type_id,ut1_0.user_type_name from users_type ut1_0 where ut1_0.user_type_id=?
2025-04-03T19:27:08.010+07:00 TRACE 27160 --- [http-nio-8080-exec-9] org.hibernate.orm.jdbc.bind              : binding parameter (1:INTEGER) <- [2]
2025-04-03T19:27:08.012+07:00 DEBUG 27160 --- [http-nio-8080-exec-9] org.hibernate.SQL                        : select jsp1_0.user_account_id,jsp1_0.city,jsp1_0.country,jsp1_0.employment_type,jsp1_0.first_name,jsp1_0.last_name,jsp1_0.profile_photo,jsp1_0.resume,jsp1_0.state,u1_0.user_id,u1_0.email,u1_0.is_active,u1_0.password,u1_0.registration_date,u1_0.user_type_id,uti1_0.user_type_id,uti1_0.user_type_name,jsp1_0.work_authorization from job_seeker_profile jsp1_0 join users u1_0 on u1_0.user_id=jsp1_0.user_account_id join users_type uti1_0 on uti1_0.user_type_id=u1_0.user_type_id where jsp1_0.user_account_id=?
2025-04-03T19:27:08.012+07:00 TRACE 27160 --- [http-nio-8080-exec-9] org.hibernate.orm.jdbc.bind              : binding parameter (1:INTEGER) <- [2]
2025-04-03T19:31:32.242+07:00 DEBUG 27160 --- [http-nio-8080-exec-7] org.hibernate.SQL                        : select u1_0.user_id,u1_0.email,u1_0.is_active,u1_0.password,u1_0.registration_date,u1_0.user_type_id from users u1_0 where u1_0.email=?
2025-04-03T19:31:32.244+07:00 TRACE 27160 --- [http-nio-8080-exec-7] org.hibernate.orm.jdbc.bind              : binding parameter (1:VARCHAR) <- [dorisanseanh@gmail.com]
2025-04-03T19:31:32.245+07:00 DEBUG 27160 --- [http-nio-8080-exec-7] org.hibernate.SQL                        : select ut1_0.user_type_id,ut1_0.user_type_name from users_type ut1_0 where ut1_0.user_type_id=?
2025-04-03T19:31:32.245+07:00 TRACE 27160 --- [http-nio-8080-exec-7] org.hibernate.orm.jdbc.bind              : binding parameter (1:INTEGER) <- [2]
2025-04-03T19:31:32.249+07:00 DEBUG 27160 --- [http-nio-8080-exec-7] org.hibernate.SQL                        : select jsp1_0.user_account_id,jsp1_0.city,jsp1_0.country,jsp1_0.employment_type,jsp1_0.first_name,jsp1_0.last_name,jsp1_0.profile_photo,jsp1_0.resume,jsp1_0.state,u1_0.user_id,u1_0.email,u1_0.is_active,u1_0.password,u1_0.registration_date,u1_0.user_type_id,uti1_0.user_type_id,uti1_0.user_type_name,jsp1_0.work_authorization from job_seeker_profile jsp1_0 join users u1_0 on u1_0.user_id=jsp1_0.user_account_id join users_type uti1_0 on uti1_0.user_type_id=u1_0.user_type_id where jsp1_0.user_account_id=?
2025-04-03T19:31:32.250+07:00 TRACE 27160 --- [http-nio-8080-exec-7] org.hibernate.orm.jdbc.bind              : binding parameter (1:INTEGER) <- [2]
2025-04-03T19:31:32.252+07:00 DEBUG 27160 --- [http-nio-8080-exec-7] org.hibernate.SQL                        : select s1_0.job_seeker_profile,s1_0.id,s1_0.experience_level,s1_0.name,s1_0.years_of_experience from skills s1_0 where s1_0.job_seeker_profile=?
2025-04-03T19:31:32.252+07:00 TRACE 27160 --- [http-nio-8080-exec-7] org.hibernate.orm.jdbc.bind              : binding parameter (1:INTEGER) <- [2]
2025-04-03T19:31:56.958+07:00 DEBUG 27160 --- [http-nio-8080-exec-6] org.hibernate.SQL                        : select u1_0.user_id,u1_0.email,u1_0.is_active,u1_0.password,u1_0.registration_date,u1_0.user_type_id from users u1_0 where u1_0.email=?
2025-04-03T19:31:56.958+07:00 TRACE 27160 --- [http-nio-8080-exec-6] org.hibernate.orm.jdbc.bind              : binding parameter (1:VARCHAR) <- [dorisanseanh@gmail.com]
2025-04-03T19:31:56.958+07:00 DEBUG 27160 --- [http-nio-8080-exec-6] org.hibernate.SQL                        : select ut1_0.user_type_id,ut1_0.user_type_name from users_type ut1_0 where ut1_0.user_type_id=?
2025-04-03T19:31:56.965+07:00 TRACE 27160 --- [http-nio-8080-exec-6] org.hibernate.orm.jdbc.bind              : binding parameter (1:INTEGER) <- [2]
2025-04-03T19:31:56.966+07:00 DEBUG 27160 --- [http-nio-8080-exec-6] org.hibernate.SQL                        : select jsp1_0.user_account_id,jsp1_0.city,jsp1_0.country,jsp1_0.employment_type,jsp1_0.first_name,jsp1_0.last_name,jsp1_0.profile_photo,jsp1_0.resume,jsp1_0.state,u1_0.user_id,u1_0.email,u1_0.is_active,u1_0.password,u1_0.registration_date,u1_0.user_type_id,uti1_0.user_type_id,uti1_0.user_type_name,jsp1_0.work_authorization,s1_0.job_seeker_profile,s1_0.id,s1_0.experience_level,s1_0.name,s1_0.years_of_experience from job_seeker_profile jsp1_0 join users u1_0 on u1_0.user_id=jsp1_0.user_account_id join users_type uti1_0 on uti1_0.user_type_id=u1_0.user_type_id left join skills s1_0 on jsp1_0.user_account_id=s1_0.job_seeker_profile where jsp1_0.user_account_id=?
2025-04-03T19:31:56.966+07:00 TRACE 27160 --- [http-nio-8080-exec-6] org.hibernate.orm.jdbc.bind              : binding parameter (1:INTEGER) <- [2]
2025-04-03T19:31:56.974+07:00 DEBUG 27160 --- [http-nio-8080-exec-6] org.hibernate.SQL                        : update skills set experience_level=?,job_seeker_profile=?,name=?,years_of_experience=? where id=?
2025-04-03T19:31:56.974+07:00 TRACE 27160 --- [http-nio-8080-exec-6] org.hibernate.orm.jdbc.bind              : binding parameter (1:VARCHAR) <- [Experience Level]
2025-04-03T19:31:56.974+07:00 TRACE 27160 --- [http-nio-8080-exec-6] org.hibernate.orm.jdbc.bind              : binding parameter (2:INTEGER) <- [2]
2025-04-03T19:31:56.974+07:00 TRACE 27160 --- [http-nio-8080-exec-6] org.hibernate.orm.jdbc.bind              : binding parameter (3:VARCHAR) <- []
2025-04-03T19:31:56.974+07:00 TRACE 27160 --- [http-nio-8080-exec-6] org.hibernate.orm.jdbc.bind              : binding parameter (4:VARCHAR) <- []
2025-04-03T19:31:56.974+07:00 TRACE 27160 --- [http-nio-8080-exec-6] org.hibernate.orm.jdbc.bind              : binding parameter (5:INTEGER) <- [2]
2025-04-03T19:31:56.999+07:00 DEBUG 27160 --- [http-nio-8080-exec-7] org.hibernate.SQL                        : select u1_0.user_id,u1_0.email,u1_0.is_active,u1_0.password,u1_0.registration_date,u1_0.user_type_id from users u1_0 where u1_0.email=?
2025-04-03T19:31:56.999+07:00 TRACE 27160 --- [http-nio-8080-exec-7] org.hibernate.orm.jdbc.bind              : binding parameter (1:VARCHAR) <- [dorisanseanh@gmail.com]
2025-04-03T19:31:56.999+07:00 DEBUG 27160 --- [http-nio-8080-exec-7] org.hibernate.SQL                        : select ut1_0.user_type_id,ut1_0.user_type_name from users_type ut1_0 where ut1_0.user_type_id=?
2025-04-03T19:31:56.999+07:00 TRACE 27160 --- [http-nio-8080-exec-7] org.hibernate.orm.jdbc.bind              : binding parameter (1:INTEGER) <- [2]
2025-04-03T19:31:56.999+07:00 DEBUG 27160 --- [http-nio-8080-exec-7] org.hibernate.SQL                        : select jsp1_0.user_account_id,jsp1_0.city,jsp1_0.country,jsp1_0.employment_type,jsp1_0.first_name,jsp1_0.last_name,jsp1_0.profile_photo,jsp1_0.resume,jsp1_0.state,u1_0.user_id,u1_0.email,u1_0.is_active,u1_0.password,u1_0.registration_date,u1_0.user_type_id,uti1_0.user_type_id,uti1_0.user_type_name,jsp1_0.work_authorization from job_seeker_profile jsp1_0 join users u1_0 on u1_0.user_id=jsp1_0.user_account_id join users_type uti1_0 on uti1_0.user_type_id=u1_0.user_type_id where jsp1_0.user_account_id=?
2025-04-03T19:31:56.999+07:00 TRACE 27160 --- [http-nio-8080-exec-7] org.hibernate.orm.jdbc.bind              : binding parameter (1:INTEGER) <- [2]
2025-04-03T19:32:11.949+07:00 DEBUG 27160 --- [http-nio-8080-exec-1] org.hibernate.SQL                        : select u1_0.user_id,u1_0.email,u1_0.is_active,u1_0.password,u1_0.registration_date,u1_0.user_type_id from users u1_0 where u1_0.email=?
2025-04-03T19:32:11.950+07:00 TRACE 27160 --- [http-nio-8080-exec-1] org.hibernate.orm.jdbc.bind              : binding parameter (1:VARCHAR) <- [dorisanseanh@gmail.com]
2025-04-03T19:32:11.951+07:00 DEBUG 27160 --- [http-nio-8080-exec-1] org.hibernate.SQL                        : select ut1_0.user_type_id,ut1_0.user_type_name from users_type ut1_0 where ut1_0.user_type_id=?
2025-04-03T19:32:11.952+07:00 TRACE 27160 --- [http-nio-8080-exec-1] org.hibernate.orm.jdbc.bind              : binding parameter (1:INTEGER) <- [2]
2025-04-03T19:32:12.055+07:00 DEBUG 27160 --- [http-nio-8080-exec-3] org.hibernate.SQL                        : select u1_0.user_id,u1_0.email,u1_0.is_active,u1_0.password,u1_0.registration_date,u1_0.user_type_id from users u1_0 where u1_0.email=?
2025-04-03T19:32:12.057+07:00 TRACE 27160 --- [http-nio-8080-exec-3] org.hibernate.orm.jdbc.bind              : binding parameter (1:VARCHAR) <- [dorisanseanh@gmail.com]
2025-04-03T19:32:12.060+07:00 DEBUG 27160 --- [http-nio-8080-exec-3] org.hibernate.SQL                        : select ut1_0.user_type_id,ut1_0.user_type_name from users_type ut1_0 where ut1_0.user_type_id=?
2025-04-03T19:32:12.060+07:00 TRACE 27160 --- [http-nio-8080-exec-3] org.hibernate.orm.jdbc.bind              : binding parameter (1:INTEGER) <- [2]
2025-04-03T19:32:12.063+07:00 DEBUG 27160 --- [http-nio-8080-exec-3] org.hibernate.SQL                        : select jsp1_0.user_account_id,jsp1_0.city,jsp1_0.country,jsp1_0.employment_type,jsp1_0.first_name,jsp1_0.last_name,jsp1_0.profile_photo,jsp1_0.resume,jsp1_0.state,u1_0.user_id,u1_0.email,u1_0.is_active,u1_0.password,u1_0.registration_date,u1_0.user_type_id,uti1_0.user_type_id,uti1_0.user_type_name,jsp1_0.work_authorization from job_seeker_profile jsp1_0 join users u1_0 on u1_0.user_id=jsp1_0.user_account_id join users_type uti1_0 on uti1_0.user_type_id=u1_0.user_type_id where jsp1_0.user_account_id=?
2025-04-03T19:32:12.063+07:00 TRACE 27160 --- [http-nio-8080-exec-3] org.hibernate.orm.jdbc.bind              : binding parameter (1:INTEGER) <- [2]
